<?xml version="1.0" encoding="UTF-8"?>
<!-- Generated by org.testng.reporters.JUnitReportReporter -->
<testsuite skipped="0" hostname="ASDP1747PO02529" name="hris.Testhris" tests="2" failures="0" timestamp="28 Jun 2018 05:52:06 GMT" time="13.302" errors="0">
  <testcase name="submitlogin" time="6.916" classname="hris.Testhris"/>
  <testcase name="checkTime" time="6.386" classname="hris.Testhris"/>
</testsuite> <!-- hris.Testhris -->
